[ 2012-04-25T13:53:54+08:00 ] NOTIC: [8] Undefined index: url b66a59c4762b21b1b9b480bb45f60705.php 第 22 行.
[ 2012-04-25T13:53:54+08:00 ] NOTIC: [8] Undefined index: url b66a59c4762b21b1b9b480bb45f60705.php 第 22 行.
[ 2012-04-25T13:53:54+08:00 ] NOTIC: [8] Undefined index: User b66a59c4762b21b1b9b480bb45f60705.php 第 25 行.
[ 2012-04-25T13:53:54+08:00 ] NOTIC: [8] Undefined index: Function b66a59c4762b21b1b9b480bb45f60705.php 第 28 行.
[ 2012-04-25T13:53:54+08:00 ] NOTIC: [8] Undefined index: items b66a59c4762b21b1b9b480bb45f60705.php 第 51 行.
[ 2012-04-25T13:53:54+08:00 ] NOTIC: [8] Undefined index: items b66a59c4762b21b1b9b480bb45f60705.php 第 55 行.
[ 2012-04-25T13:54:03+08:00 ] ERR: (ThinkException) 无法加载模块talkcenter
[ 2012-04-25T14:08:13+08:00 ] ERR: (ThinkException) 无法加载模块talkcenter
[ 2012-04-25T14:10:53+08:00 ] ERR: (ThinkException) 无法加载模块talkcenter
[ 2012-04-25T14:11:15+08:00 ] ERR: (ThinkException) 无法加载模块talkcenter
[ 2012-04-25T14:11:44+08:00 ] ERR: (ThinkException) 无法加载模块talkcenter
[ 2012-04-25T14:11:59+08:00 ] ERR: (ThinkException) 无法加载模块talkcenter
[ 2012-04-25T14:12:07+08:00 ] ERR: (ThinkException) 无法加载模块talkcenter
[ 2012-04-25T14:13:21+08:00 ] ERR: (ThinkException) 无法加载模块talkcenter
[ 2012-04-25T14:13:37+08:00 ] ERR: (ThinkException) 无法加载模块talkcenter
[ 2012-04-25T14:13:51+08:00 ] ERR: (ThinkException) 无法加载模块talkcenter
[ 2012-04-25T14:14:57+08:00 ] ERR: (ThinkException) 无法加载模块talkcenter
[ 2012-04-25T14:15:18+08:00 ] ERR: (ThinkException) 无法加载模块talkcenter
[ 2012-04-25T14:16:50+08:00 ] ERR: (ThinkException) 无法加载模块talkcenter
[ 2012-04-25T14:18:57+08:00 ] ERR: (ThinkException) 无法加载模块talkcenter
[ 2012-04-25T14:19:05+08:00 ] ERR: (ThinkException) 无法加载模块talkcenter
[ 2012-04-25T14:20:20+08:00 ] ERR: (ThinkException) 无法加载模块talkcenter
[ 2012-04-25T14:21:32+08:00 ] ERR: (ThinkException) 无法加载模块talkcenter
[ 2012-04-25T14:23:21+08:00 ] ERR: (ThinkException) 无法加载模块talkcenter
[ 2012-04-25T14:23:47+08:00 ] ERR: (ThinkException) 无法加载模块talkcenter
[ 2012-04-25T14:26:36+08:00 ] ERR: (ThinkException) 无法加载模块talkcenter
[ 2012-04-25T14:27:29+08:00 ] ERR: (ThinkException) 无法加载模块talkcenter
[ 2012-04-25T14:28:31+08:00 ] ERR: (ThinkException) 无法加载模块talkcenter
[ 2012-04-25T14:29:04+08:00 ] ERR: (ThinkException) 无法加载模块talkcenter
[ 2012-04-25T14:31:17+08:00 ] ERR: (ThinkException) 无法加载模块talkcenter
[ 2012-04-25T14:31:46+08:00 ] ERR: (ThinkException) 无法加载模块talkcenter
[ 2012-04-25T14:33:04+08:00 ] ERR: (ThinkException) 无法加载模块talkcenter
[ 2012-04-25T14:33:10+08:00 ] ERR: (ThinkException) 无法加载模块talkcenter
[ 2012-04-25T14:33:20+08:00 ] ERR: (ThinkException) 无法加载模块talkcenter
[ 2012-04-25T14:35:44+08:00 ] ERR: (ThinkException) 无法加载模块talkcenter
[ 2012-04-25T14:36:26+08:00 ] ERR: (ThinkException) 无法加载模块talkcenter
[ 2012-04-25T14:36:29+08:00 ] ERR: (ThinkException) 无法加载模块talkcenter
[ 2012-04-25T14:36:29+08:00 ] ERR: (ThinkException) 无法加载模块talkcenter
[ 2012-04-25T14:37:08+08:00 ] ERR: (ThinkException) 无法加载模块talkcenter
[ 2012-04-25T14:37:10+08:00 ] ERR: (ThinkException) 无法加载模块talkcenter
[ 2012-04-25T14:37:11+08:00 ] ERR: (ThinkException) 无法加载模块talkcenter
[ 2012-04-25T14:37:31+08:00 ] ERR: (ThinkException) 无法加载模块talkcenter
[ 2012-04-25T14:37:36+08:00 ] ERR: (ThinkException) 无法加载模块talkcenter
[ 2012-04-25T14:37:47+08:00 ] ERR: (ThinkException) 无法加载模块talkcenter
[ 2012-04-25T14:39:19+08:00 ] ERR: (ThinkException) 无法加载模块talkcenter
[ 2012-04-25T14:40:05+08:00 ] ERR: (ThinkException) 无法加载模块talkcenter
[ 2012-04-25T14:40:29+08:00 ] ERR: (ThinkException) 无法加载模块talkcenter
[ 2012-04-25T14:42:46+08:00 ] ERR: (ThinkException) 无法加载模块talkcenter
[ 2012-04-25T14:42:52+08:00 ] ERR: (ThinkException) 无法加载模块talkcenter
[ 2012-04-25T14:43:31+08:00 ] ERR: (ThinkException) 无法加载模块talkcenter
[ 2012-04-25T14:43:33+08:00 ] ERR: (ThinkException) 无法加载模块talkcenter
[ 2012-04-25T14:43:34+08:00 ] ERR: (ThinkException) 无法加载模块talkcenter
[ 2012-04-25T14:44:19+08:00 ] ERR: (ThinkException) 无法加载模块talkcenter
[ 2012-04-25T14:45:12+08:00 ] ERR: (ThinkException) 无法加载模块talkcenter
[ 2012-04-25T14:45:16+08:00 ] ERR: (ThinkException) 无法加载模块talkcenter
[ 2012-04-25T14:45:17+08:00 ] ERR: (ThinkException) 无法加载模块talkcenter
[ 2012-04-25T14:47:18+08:00 ] ERR: (ThinkException) 无法加载模块talkcenter
[ 2012-04-25T14:47:20+08:00 ] ERR: (ThinkException) 无法加载模块talkcenter
[ 2012-04-25T14:48:13+08:00 ] ERR: (ThinkException) 无法加载模块talkcenter
[ 2012-04-25T14:48:42+08:00 ] ERR: (ThinkException) 无法加载模块talkcenter
[ 2012-04-25T14:48:46+08:00 ] ERR: (ThinkException) 无法加载模块talkcenter
[ 2012-04-25T14:48:54+08:00 ] ERR: (ThinkException) 无法加载模块talkcenter
[ 2012-04-25T14:48:56+08:00 ] ERR: (ThinkException) 无法加载模块talkcenter
[ 2012-04-25T14:49:01+08:00 ] ERR: (ThinkException) 无法加载模块talkcenter
[ 2012-04-25T14:49:12+08:00 ] ERR: (ThinkException) 无法加载模块talkcenter
[ 2012-04-25T14:49:23+08:00 ] ERR: (ThinkException) 无法加载模块talkcenter
[ 2012-04-25T14:50:56+08:00 ] ERR: (ThinkException) 无法加载模块talkcenter
[ 2012-04-25T14:52:44+08:00 ] ERR: (ThinkException) 无法加载模块talkcenter
[ 2012-04-25T14:52:56+08:00 ] ERR: (ThinkException) 无法加载模块talkcenter
[ 2012-04-25T14:53:14+08:00 ] ERR: (ThinkException) 无法加载模块talkcenter
[ 2012-04-25T14:53:29+08:00 ] ERR: (ThinkException) 无法加载模块talkcenter
[ 2012-04-25T14:53:53+08:00 ] ERR: (ThinkException) 无法加载模块talkcenter
[ 2012-04-25T14:54:41+08:00 ] ERR: (ThinkException) 无法加载模块talkcenter
[ 2012-04-25T14:55:36+08:00 ] ERR: (ThinkException) 无法加载模块talkcenter
[ 2012-04-25T14:55:50+08:00 ] ERR: (ThinkException) 无法加载模块talkcenter
[ 2012-04-25T14:57:04+08:00 ] ERR: (ThinkException) 无法加载模块talkcenter
[ 2012-04-25T14:57:19+08:00 ] ERR: (ThinkException) 无法加载模块talkcenter
[ 2012-04-25T14:58:02+08:00 ] ERR: (ThinkException) 无法加载模块talkcenter
[ 2012-04-25T14:58:13+08:00 ] ERR: (ThinkException) 无法加载模块talkcenter
[ 2012-04-25T14:58:34+08:00 ] ERR: (ThinkException) 无法加载模块talkcenter
[ 2012-04-25T14:59:08+08:00 ] ERR: (ThinkException) 无法加载模块talkcenter
[ 2012-04-25T14:59:30+08:00 ] ERR: (ThinkException) 无法加载模块talkcenter
[ 2012-04-25T15:00:09+08:00 ] ERR: (ThinkException) 无法加载模块talkcenter
[ 2012-04-25T15:02:06+08:00 ] ERR: (ThinkException) 无法加载模块talkcenter
[ 2012-04-25T15:02:34+08:00 ] ERR: (ThinkException) 无法加载模块talkcenter
[ 2012-04-25T15:02:56+08:00 ] ERR: (ThinkException) 无法加载模块talkcenter
[ 2012-04-25T15:03:25+08:00 ] ERR: (ThinkException) 无法加载模块talkcenter
[ 2012-04-25T15:03:45+08:00 ] ERR: (ThinkException) 无法加载模块talkcenter
[ 2012-04-25T15:03:47+08:00 ] ERR: (ThinkException) 无法加载模块talkcenter
[ 2012-04-25T15:04:15+08:00 ] ERR: (ThinkException) 无法加载模块talkcenter
[ 2012-04-25T15:04:42+08:00 ] ERR: (ThinkException) 无法加载模块talkcenter
[ 2012-04-25T15:04:43+08:00 ] ERR: (ThinkException) 无法加载模块talkcenter
[ 2012-04-25T15:05:00+08:00 ] ERR: (ThinkException) 无法加载模块talkcenter
[ 2012-04-25T15:05:25+08:00 ] ERR: (ThinkException) 无法加载模块talkcenter
[ 2012-04-25T15:05:35+08:00 ] ERR: (ThinkException) 无法加载模块talkcenter
[ 2012-04-25T15:06:32+08:00 ] ERR: (ThinkException) 无法加载模块talkcenter
[ 2012-04-25T15:06:51+08:00 ] ERR: (ThinkException) 无法加载模块talkcenter
[ 2012-04-25T15:06:57+08:00 ] ERR: (ThinkException) 无法加载模块talkcenter
[ 2012-04-25T15:07:03+08:00 ] ERR: (ThinkException) 无法加载模块talkcenter
[ 2012-04-25T15:08:15+08:00 ] ERR: (ThinkException) 无法加载模块talkcenter
[ 2012-04-25T15:09:23+08:00 ] ERR: (ThinkException) 无法加载模块talkcenter
[ 2012-04-25T15:09:44+08:00 ] ERR: (ThinkException) 无法加载模块talkcenter
[ 2012-04-25T15:10:10+08:00 ] ERR: (ThinkException) 无法加载模块talkcenter
[ 2012-04-25T15:10:49+08:00 ] ERR: (ThinkException) 无法加载模块talkcenter
[ 2012-04-25T15:11:46+08:00 ] ERR: (ThinkException) 无法加载模块talkcenter
[ 2012-04-25T15:11:48+08:00 ] ERR: (ThinkException) 无法加载模块talkcenter
[ 2012-04-25T15:12:18+08:00 ] ERR: (ThinkException) 无法加载模块talkcenter
[ 2012-04-25T15:12:28+08:00 ] ERR: (ThinkException) 无法加载模块talkcenter
[ 2012-04-25T15:12:47+08:00 ] ERR: (ThinkException) 无法加载模块talkcenter
[ 2012-04-25T15:13:11+08:00 ] ERR: (ThinkException) 无法加载模块talkcenter
[ 2012-04-25T15:13:45+08:00 ] ERR: (ThinkException) 无法加载模块talkcenter
[ 2012-04-25T15:13:56+08:00 ] ERR: (ThinkException) 无法加载模块talkcenter
[ 2012-04-25T15:14:07+08:00 ] ERR: (ThinkException) 无法加载模块talkcenter
[ 2012-04-25T15:16:13+08:00 ] ERR: (ThinkException) 无法加载模块talkcenter
[ 2012-04-25T15:16:30+08:00 ] ERR: (ThinkException) 无法加载模块talkcenter
[ 2012-04-25T15:17:18+08:00 ] ERR: (ThinkException) 无法加载模块talkcenter
[ 2012-04-25T15:17:52+08:00 ] ERR: (ThinkException) 无法加载模块talkcenter
[ 2012-04-25T15:18:35+08:00 ] ERR: (ThinkException) 无法加载模块talkcenter
[ 2012-04-25T15:19:12+08:00 ] ERR: (ThinkException) 无法加载模块talkcenter
[ 2012-04-25T15:19:19+08:00 ] ERR: (ThinkException) 无法加载模块talkcenter
[ 2012-04-25T15:20:26+08:00 ] ERR: (ThinkException) 无法加载模块talkcenter
[ 2012-04-25T15:20:34+08:00 ] ERR: (ThinkException) 无法加载模块talkcenter
[ 2012-04-25T15:20:48+08:00 ] ERR: (ThinkException) 无法加载模块talkcenter
[ 2012-04-25T15:22:04+08:00 ] ERR: (ThinkException) 无法加载模块talkcenter
[ 2012-04-25T15:22:24+08:00 ] ERR: (ThinkException) 无法加载模块talkcenter
[ 2012-04-25T15:22:47+08:00 ] ERR: (ThinkException) 无法加载模块talkcenter
[ 2012-04-25T15:22:52+08:00 ] ERR: (ThinkException) 无法加载模块talkcenter
[ 2012-04-25T15:23:03+08:00 ] ERR: (ThinkException) 无法加载模块talkcenter
[ 2012-04-25T15:23:42+08:00 ] ERR: (ThinkException) 无法加载模块talkcenter
[ 2012-04-25T15:25:29+08:00 ] ERR: (ThinkException) 无法加载模块talkcenter
[ 2012-04-25T15:25:42+08:00 ] ERR: (ThinkException) 无法加载模块talkcenter
[ 2012-04-25T15:26:03+08:00 ] ERR: (ThinkException) 无法加载模块talkcenter
[ 2012-04-25T15:30:30+08:00 ] ERR: (ThinkException) 无法加载模块talkcenter
[ 2012-04-25T15:30:45+08:00 ] ERR: (ThinkException) 无法加载模块talkcenter
[ 2012-04-25T15:31:02+08:00 ] ERR: (ThinkException) 无法加载模块talkcenter
[ 2012-04-25T15:31:16+08:00 ] ERR: (ThinkException) 无法加载模块talkcenter
[ 2012-04-25T15:33:48+08:00 ] ERR: (ThinkException) 无法加载模块talkcenter
[ 2012-04-25T15:35:11+08:00 ] ERR: (ThinkException) 无法加载模块talkcenter
[ 2012-04-25T15:36:25+08:00 ] ERR: (ThinkException) 无法加载模块talkcenter
[ 2012-04-25T15:38:10+08:00 ] ERR: (ThinkException) 无法加载模块talkcenter
[ 2012-04-25T15:38:29+08:00 ] ERR: (ThinkException) 无法加载模块talkcenter
[ 2012-04-25T15:39:05+08:00 ] ERR: (ThinkException) 无法加载模块talkcenter
[ 2012-04-25T15:39:29+08:00 ] ERR: (ThinkException) 无法加载模块talkcenter
[ 2012-04-25T15:39:38+08:00 ] ERR: (ThinkException) 无法加载模块talkcenter
[ 2012-04-25T15:41:37+08:00 ] ERR: (ThinkException) 无法加载模块talkcenter
[ 2012-04-25T15:42:19+08:00 ] ERR: (ThinkException) 无法加载模块talkcenter
[ 2012-04-25T15:42:51+08:00 ] ERR: (ThinkException) 无法加载模块talkcenter
[ 2012-04-25T15:43:32+08:00 ] ERR: (ThinkException) 无法加载模块talkcenter
[ 2012-04-25T15:43:41+08:00 ] ERR: (ThinkException) 无法加载模块talkcenter
[ 2012-04-25T15:43:47+08:00 ] ERR: (ThinkException) 无法加载模块talkcenter
[ 2012-04-25T15:44:11+08:00 ] ERR: (ThinkException) 无法加载模块talkcenter
[ 2012-04-25T15:45:01+08:00 ] ERR: (ThinkException) 无法加载模块talkcenter
[ 2012-04-25T15:45:04+08:00 ] ERR: (ThinkException) 无法加载模块talkcenter
[ 2012-04-25T15:45:22+08:00 ] ERR: (ThinkException) 无法加载模块talkcenter
[ 2012-04-25T15:45:32+08:00 ] ERR: (ThinkException) 无法加载模块talkcenter
[ 2012-04-25T15:45:49+08:00 ] ERR: (ThinkException) 无法加载模块talkcenter
[ 2012-04-25T15:46:04+08:00 ] ERR: (ThinkException) 无法加载模块talkcenter
[ 2012-04-25T15:46:18+08:00 ] ERR: (ThinkException) 无法加载模块talkcenter
[ 2012-04-25T15:46:38+08:00 ] ERR: (ThinkException) 无法加载模块talkcenter
[ 2012-04-25T15:47:07+08:00 ] ERR: (ThinkException) 无法加载模块talkcenter
[ 2012-04-25T15:47:13+08:00 ] ERR: (ThinkException) 无法加载模块talkcenter
[ 2012-04-25T15:47:26+08:00 ] ERR: (ThinkException) 无法加载模块talkcenter
[ 2012-04-25T15:47:42+08:00 ] ERR: (ThinkException) 无法加载模块talkcenter
[ 2012-04-25T15:47:55+08:00 ] ERR: (ThinkException) 无法加载模块talkcenter
[ 2012-04-25T15:48:35+08:00 ] ERR: (ThinkException) 无法加载模块talkcenter
[ 2012-04-25T15:49:07+08:00 ] ERR: (ThinkException) 无法加载模块talkcenter
[ 2012-04-25T15:49:19+08:00 ] ERR: (ThinkException) 无法加载模块talkcenter
[ 2012-04-25T15:49:25+08:00 ] ERR: (ThinkException) 无法加载模块talkcenter
[ 2012-04-25T15:49:33+08:00 ] ERR: (ThinkException) 无法加载模块talkcenter
[ 2012-04-25T15:50:26+08:00 ] ERR: (ThinkException) 无法加载模块talkcenter
[ 2012-04-25T15:50:26+08:00 ] ERR: (ThinkException) 无法加载模块talkcenter
[ 2012-04-25T15:50:44+08:00 ] ERR: (ThinkException) 无法加载模块talkcenter
[ 2012-04-25T15:50:44+08:00 ] ERR: (ThinkException) 无法加载模块talkcenter
[ 2012-04-25T15:51:10+08:00 ] ERR: (ThinkException) 无法加载模块talkcenter
[ 2012-04-25T15:51:10+08:00 ] ERR: (ThinkException) 无法加载模块talkcenter
[ 2012-04-25T15:51:18+08:00 ] ERR: (ThinkException) 无法加载模块talkcenter
[ 2012-04-25T15:51:18+08:00 ] ERR: (ThinkException) 无法加载模块talkcenter
[ 2012-04-25T15:51:54+08:00 ] ERR: (ThinkException) 无法加载模块talkcenter
[ 2012-04-25T15:51:54+08:00 ] ERR: (ThinkException) 无法加载模块talkcenter
[ 2012-04-25T15:51:58+08:00 ] ERR: (ThinkException) 无法加载模块talkcenter
[ 2012-04-25T15:51:58+08:00 ] ERR: (ThinkException) 无法加载模块talkcenter
[ 2012-04-25T15:52:55+08:00 ] ERR: (ThinkException) 无法加载模块talkcenter
[ 2012-04-25T15:52:55+08:00 ] ERR: (ThinkException) 无法加载模块talkcenter
[ 2012-04-25T15:53:00+08:00 ] ERR: (ThinkException) 无法加载模块talkcenter
[ 2012-04-25T15:53:00+08:00 ] ERR: (ThinkException) 无法加载模块talkcenter
[ 2012-04-25T15:53:04+08:00 ] ERR: (ThinkException) 无法加载模块talkcenter
[ 2012-04-25T15:53:04+08:00 ] ERR: (ThinkException) 无法加载模块talkcenter
[ 2012-04-25T15:54:53+08:00 ] ERR: (ThinkException) 无法加载模块talkcenter
[ 2012-04-25T15:54:53+08:00 ] ERR: (ThinkException) 无法加载模块talkcenter
[ 2012-04-25T15:55:03+08:00 ] ERR: (ThinkException) 无法加载模块talkcenter
[ 2012-04-25T15:55:03+08:00 ] ERR: (ThinkException) 无法加载模块talkcenter
[ 2012-04-25T15:55:13+08:00 ] ERR: (ThinkException) 无法加载模块talkcenter
[ 2012-04-25T15:55:13+08:00 ] ERR: (ThinkException) 无法加载模块talkcenter
[ 2012-04-25T15:55:29+08:00 ] ERR: (ThinkException) 无法加载模块talkcenter
[ 2012-04-25T15:55:29+08:00 ] ERR: (ThinkException) 无法加载模块talkcenter
[ 2012-04-25T15:55:55+08:00 ] ERR: (ThinkException) 无法加载模块talkcenter
[ 2012-04-25T15:55:55+08:00 ] ERR: (ThinkException) 无法加载模块talkcenter
[ 2012-04-25T15:56:06+08:00 ] ERR: (ThinkException) 无法加载模块talkcenter
[ 2012-04-25T15:56:06+08:00 ] ERR: (ThinkException) 无法加载模块talkcenter
[ 2012-04-25T15:56:51+08:00 ] ERR: (ThinkException) 无法加载模块talkcenter
[ 2012-04-25T15:56:51+08:00 ] ERR: (ThinkException) 无法加载模块talkcenter
[ 2012-04-25T15:58:23+08:00 ] ERR: (ThinkException) 无法加载模块talkcenter
[ 2012-04-25T15:58:23+08:00 ] ERR: (ThinkException) 无法加载模块talkcenter
[ 2012-04-25T15:59:22+08:00 ] ERR: (ThinkException) 无法加载模块talkcenter
[ 2012-04-25T15:59:22+08:00 ] ERR: (ThinkException) 无法加载模块talkcenter
[ 2012-04-25T15:59:48+08:00 ] ERR: (ThinkException) 无法加载模块talkcenter
[ 2012-04-25T15:59:48+08:00 ] ERR: (ThinkException) 无法加载模块talkcenter
[ 2012-04-25T16:00:04+08:00 ] ERR: (ThinkException) 无法加载模块talkcenter
[ 2012-04-25T16:00:04+08:00 ] ERR: (ThinkException) 无法加载模块talkcenter
[ 2012-04-25T16:00:34+08:00 ] ERR: (ThinkException) 无法加载模块talkcenter
[ 2012-04-25T16:01:34+08:00 ] ERR: (ThinkException) 无法加载模块talkcenter
[ 2012-04-25T16:02:20+08:00 ] ERR: (ThinkException) 无法加载模块talkcenter
[ 2012-04-25T16:07:04+08:00 ] ERR: (ThinkException) 无法加载模块talkcenter
[ 2012-04-25T16:07:24+08:00 ] ERR: (ThinkException) 无法加载模块talkcenter
[ 2012-04-25T16:07:32+08:00 ] ERR: (ThinkException) 无法加载模块talkcenter
[ 2012-04-25T16:07:32+08:00 ] ERR: (ThinkException) 无法加载模块talkcenter
[ 2012-04-25T16:07:46+08:00 ] ERR: (ThinkException) 无法加载模块talkcenter
[ 2012-04-25T16:07:46+08:00 ] ERR: (ThinkException) 无法加载模块talkcenter
[ 2012-04-25T16:07:48+08:00 ] ERR: (ThinkException) 无法加载模块talkcenter
[ 2012-04-25T16:07:48+08:00 ] ERR: (ThinkException) 无法加载模块talkcenter
[ 2012-04-25T16:08:37+08:00 ] ERR: (ThinkException) 无法加载模块talkcenter
[ 2012-04-25T16:08:37+08:00 ] ERR: (ThinkException) 无法加载模块talkcenter
[ 2012-04-25T16:08:59+08:00 ] ERR: (ThinkException) 无法加载模块talkcenter
[ 2012-04-25T16:08:59+08:00 ] ERR: (ThinkException) 无法加载模块talkcenter
[ 2012-04-25T16:09:25+08:00 ] ERR: (ThinkException) 无法加载模块talkcenter
[ 2012-04-25T16:09:25+08:00 ] ERR: (ThinkException) 无法加载模块talkcenter
[ 2012-04-25T16:09:30+08:00 ] ERR: (ThinkException) 无法加载模块talkcenter
[ 2012-04-25T16:09:30+08:00 ] ERR: (ThinkException) 无法加载模块talkcenter
[ 2012-04-25T16:09:34+08:00 ] ERR: (ThinkException) 无法加载模块talkcenter
[ 2012-04-25T16:09:34+08:00 ] ERR: (ThinkException) 无法加载模块talkcenter
[ 2012-04-25T16:09:41+08:00 ] ERR: (ThinkException) 无法加载模块talkcenter
[ 2012-04-25T16:09:41+08:00 ] ERR: (ThinkException) 无法加载模块talkcenter
[ 2012-04-25T16:10:16+08:00 ] ERR: (ThinkException) 无法加载模块talkcenter
[ 2012-04-25T16:10:16+08:00 ] ERR: (ThinkException) 无法加载模块talkcenter
[ 2012-04-25T16:10:54+08:00 ] ERR: (ThinkException) 无法加载模块talkcenter
[ 2012-04-25T16:10:54+08:00 ] ERR: (ThinkException) 无法加载模块talkcenter
[ 2012-04-25T16:11:10+08:00 ] ERR: (ThinkException) 无法加载模块talkcenter
[ 2012-04-25T16:11:10+08:00 ] ERR: (ThinkException) 无法加载模块talkcenter
[ 2012-04-25T16:11:58+08:00 ] ERR: (ThinkException) 无法加载模块talkcenter
[ 2012-04-25T16:11:58+08:00 ] ERR: (ThinkException) 无法加载模块talkcenter
[ 2012-04-25T16:12:24+08:00 ] ERR: (ThinkException) 无法加载模块talkcenter
[ 2012-04-25T16:12:24+08:00 ] ERR: (ThinkException) 无法加载模块talkcenter
[ 2012-04-25T16:12:35+08:00 ] ERR: (ThinkException) 无法加载模块talkcenter
[ 2012-04-25T16:12:35+08:00 ] ERR: (ThinkException) 无法加载模块talkcenter
[ 2012-04-25T16:12:50+08:00 ] ERR: (ThinkException) 无法加载模块talkcenter
[ 2012-04-25T16:12:50+08:00 ] ERR: (ThinkException) 无法加载模块talkcenter
[ 2012-04-25T16:12:57+08:00 ] ERR: (ThinkException) 无法加载模块talkcenter
[ 2012-04-25T16:12:57+08:00 ] ERR: (ThinkException) 无法加载模块talkcenter
[ 2012-04-25T16:13:08+08:00 ] ERR: (ThinkException) 无法加载模块talkcenter
[ 2012-04-25T16:13:08+08:00 ] ERR: (ThinkException) 无法加载模块talkcenter
[ 2012-04-25T16:13:34+08:00 ] ERR: (ThinkException) 无法加载模块talkcenter
[ 2012-04-25T16:13:34+08:00 ] ERR: (ThinkException) 无法加载模块talkcenter
[ 2012-04-25T16:13:50+08:00 ] ERR: (ThinkException) 无法加载模块talkcenter
[ 2012-04-25T16:13:50+08:00 ] ERR: (ThinkException) 无法加载模块talkcenter
[ 2012-04-25T16:14:03+08:00 ] ERR: (ThinkException) 无法加载模块talkcenter
[ 2012-04-25T16:14:03+08:00 ] ERR: (ThinkException) 无法加载模块talkcenter
[ 2012-04-25T16:14:10+08:00 ] ERR: (ThinkException) 无法加载模块talkcenter
[ 2012-04-25T16:14:10+08:00 ] ERR: (ThinkException) 无法加载模块talkcenter
[ 2012-04-25T16:14:17+08:00 ] ERR: (ThinkException) 无法加载模块talkcenter
[ 2012-04-25T16:14:17+08:00 ] ERR: (ThinkException) 无法加载模块talkcenter
[ 2012-04-25T16:14:22+08:00 ] ERR: (ThinkException) 无法加载模块talkcenter
[ 2012-04-25T16:14:22+08:00 ] ERR: (ThinkException) 无法加载模块talkcenter
[ 2012-04-25T16:15:18+08:00 ] ERR: (ThinkException) 无法加载模块talkcenter
[ 2012-04-25T16:15:18+08:00 ] ERR: (ThinkException) 无法加载模块talkcenter
[ 2012-04-25T16:15:37+08:00 ] ERR: (ThinkException) 无法加载模块talkcenter
[ 2012-04-25T16:15:37+08:00 ] ERR: (ThinkException) 无法加载模块talkcenter
[ 2012-04-25T16:15:49+08:00 ] ERR: (ThinkException) 无法加载模块talkcenter
[ 2012-04-25T16:15:49+08:00 ] ERR: (ThinkException) 无法加载模块talkcenter
[ 2012-04-25T16:15:54+08:00 ] ERR: (ThinkException) 无法加载模块talkcenter
[ 2012-04-25T16:15:54+08:00 ] ERR: (ThinkException) 无法加载模块talkcenter
[ 2012-04-25T16:15:58+08:00 ] ERR: (ThinkException) 无法加载模块talkcenter
[ 2012-04-25T16:15:58+08:00 ] ERR: (ThinkException) 无法加载模块talkcenter
[ 2012-04-25T16:16:02+08:00 ] ERR: (ThinkException) 无法加载模块talkcenter
[ 2012-04-25T16:16:02+08:00 ] ERR: (ThinkException) 无法加载模块talkcenter
[ 2012-04-25T16:16:06+08:00 ] ERR: (ThinkException) 无法加载模块talkcenter
[ 2012-04-25T16:16:06+08:00 ] ERR: (ThinkException) 无法加载模块talkcenter
[ 2012-04-25T16:16:29+08:00 ] ERR: (ThinkException) 无法加载模块talkcenter
[ 2012-04-25T16:16:29+08:00 ] ERR: (ThinkException) 无法加载模块talkcenter
[ 2012-04-25T16:16:51+08:00 ] ERR: (ThinkException) 无法加载模块talkcenter
[ 2012-04-25T16:16:51+08:00 ] ERR: (ThinkException) 无法加载模块talkcenter
[ 2012-04-25T16:16:58+08:00 ] ERR: (ThinkException) 无法加载模块talkcenter
[ 2012-04-25T16:16:58+08:00 ] ERR: (ThinkException) 无法加载模块talkcenter
[ 2012-04-25T16:17:06+08:00 ] ERR: (ThinkException) 无法加载模块talkcenter
[ 2012-04-25T16:17:06+08:00 ] ERR: (ThinkException) 无法加载模块talkcenter
[ 2012-04-25T16:17:25+08:00 ] ERR: (ThinkException) 无法加载模块talkcenter
[ 2012-04-25T16:17:25+08:00 ] ERR: (ThinkException) 无法加载模块talkcenter
[ 2012-04-25T16:17:30+08:00 ] ERR: (ThinkException) 无法加载模块talkcenter
[ 2012-04-25T16:17:30+08:00 ] ERR: (ThinkException) 无法加载模块talkcenter
[ 2012-04-25T16:18:30+08:00 ] ERR: (ThinkException) 无法加载模块talkcenter
[ 2012-04-25T16:18:30+08:00 ] ERR: (ThinkException) 无法加载模块talkcenter
[ 2012-04-25T16:18:46+08:00 ] ERR: (ThinkException) 无法加载模块talkcenter
[ 2012-04-25T16:18:46+08:00 ] ERR: (ThinkException) 无法加载模块talkcenter
[ 2012-04-25T16:19:07+08:00 ] ERR: (ThinkException) 无法加载模块talkcenter
[ 2012-04-25T16:19:07+08:00 ] ERR: (ThinkException) 无法加载模块talkcenter
[ 2012-04-25T16:19:35+08:00 ] ERR: (ThinkException) 无法加载模块talkcenter
[ 2012-04-25T16:19:35+08:00 ] ERR: (ThinkException) 无法加载模块talkcenter
[ 2012-04-25T16:20:45+08:00 ] ERR: (ThinkException) 无法加载模块talkcenter
[ 2012-04-25T16:20:45+08:00 ] ERR: (ThinkException) 无法加载模块talkcenter
[ 2012-04-25T16:20:53+08:00 ] ERR: (ThinkException) 无法加载模块talkcenter
[ 2012-04-25T16:20:53+08:00 ] ERR: (ThinkException) 无法加载模块talkcenter
[ 2012-04-25T16:21:38+08:00 ] ERR: (ThinkException) 无法加载模块talkcenter
[ 2012-04-25T16:21:38+08:00 ] ERR: (ThinkException) 无法加载模块talkcenter
[ 2012-04-25T16:22:04+08:00 ] ERR: (ThinkException) 无法加载模块talkcenter
[ 2012-04-25T16:22:04+08:00 ] ERR: (ThinkException) 无法加载模块talkcenter
[ 2012-04-25T16:22:38+08:00 ] ERR: (ThinkException) 无法加载模块talkcenter
[ 2012-04-25T16:22:38+08:00 ] ERR: (ThinkException) 无法加载模块talkcenter
[ 2012-04-25T16:23:09+08:00 ] ERR: (ThinkException) 无法加载模块talkcenter
[ 2012-04-25T16:23:09+08:00 ] ERR: (ThinkException) 无法加载模块talkcenter
[ 2012-04-25T16:23:59+08:00 ] ERR: (ThinkException) 无法加载模块talkcenter
[ 2012-04-25T16:23:59+08:00 ] ERR: (ThinkException) 无法加载模块talkcenter
[ 2012-04-25T16:24:08+08:00 ] ERR: (ThinkException) 无法加载模块talkcenter
[ 2012-04-25T16:24:08+08:00 ] ERR: (ThinkException) 无法加载模块talkcenter
[ 2012-04-25T16:24:40+08:00 ] ERR: (ThinkException) 无法加载模块talkcenter
[ 2012-04-25T16:24:40+08:00 ] ERR: (ThinkException) 无法加载模块talkcenter
[ 2012-04-25T16:25:32+08:00 ] ERR: (ThinkException) 无法加载模块talkcenter
[ 2012-04-25T16:25:32+08:00 ] ERR: (ThinkException) 无法加载模块talkcenter
[ 2012-04-25T16:25:50+08:00 ] ERR: (ThinkException) 无法加载模块talkcenter
[ 2012-04-25T16:25:50+08:00 ] ERR: (ThinkException) 无法加载模块talkcenter
[ 2012-04-25T16:25:55+08:00 ] ERR: (ThinkException) 无法加载模块talkcenter
[ 2012-04-25T16:25:55+08:00 ] ERR: (ThinkException) 无法加载模块talkcenter
[ 2012-04-25T16:26:09+08:00 ] ERR: (ThinkException) 无法加载模块talkcenter
[ 2012-04-25T16:26:09+08:00 ] ERR: (ThinkException) 无法加载模块talkcenter
[ 2012-04-25T16:26:21+08:00 ] ERR: (ThinkException) 无法加载模块talkcenter
[ 2012-04-25T16:26:21+08:00 ] ERR: (ThinkException) 无法加载模块talkcenter
[ 2012-04-25T16:26:40+08:00 ] ERR: (ThinkException) 无法加载模块talkcenter
[ 2012-04-25T16:26:40+08:00 ] ERR: (ThinkException) 无法加载模块talkcenter
[ 2012-04-25T16:27:12+08:00 ] ERR: (ThinkException) 无法加载模块talkcenter
[ 2012-04-25T16:27:12+08:00 ] ERR: (ThinkException) 无法加载模块talkcenter
[ 2012-04-25T16:27:22+08:00 ] ERR: (ThinkException) 无法加载模块talkcenter
[ 2012-04-25T16:27:22+08:00 ] ERR: (ThinkException) 无法加载模块talkcenter
[ 2012-04-25T16:27:36+08:00 ] ERR: (ThinkException) 无法加载模块talkcenter
[ 2012-04-25T16:27:36+08:00 ] ERR: (ThinkException) 无法加载模块talkcenter
[ 2012-04-25T16:27:57+08:00 ] ERR: (ThinkException) 无法加载模块talkcenter
[ 2012-04-25T16:27:57+08:00 ] ERR: (ThinkException) 无法加载模块talkcenter
[ 2012-04-25T16:28:25+08:00 ] ERR: (ThinkException) 无法加载模块talkcenter
[ 2012-04-25T16:28:25+08:00 ] ERR: (ThinkException) 无法加载模块talkcenter
[ 2012-04-25T16:29:06+08:00 ] ERR: (ThinkException) 无法加载模块talkcenter
[ 2012-04-25T16:29:06+08:00 ] ERR: (ThinkException) 无法加载模块talkcenter
[ 2012-04-25T16:29:24+08:00 ] ERR: (ThinkException) 无法加载模块talkcenter
[ 2012-04-25T16:29:24+08:00 ] ERR: (ThinkException) 无法加载模块talkcenter
[ 2012-04-25T16:30:00+08:00 ] ERR: (ThinkException) 无法加载模块talkcenter
[ 2012-04-25T16:30:00+08:00 ] ERR: (ThinkException) 无法加载模块talkcenter
[ 2012-04-25T16:30:20+08:00 ] ERR: (ThinkException) 无法加载模块talkcenter
[ 2012-04-25T16:30:20+08:00 ] ERR: (ThinkException) 无法加载模块talkcenter
[ 2012-04-25T16:30:25+08:00 ] ERR: (ThinkException) 无法加载模块talkcenter
[ 2012-04-25T16:30:25+08:00 ] ERR: (ThinkException) 无法加载模块talkcenter
[ 2012-04-25T16:30:47+08:00 ] ERR: (ThinkException) 无法加载模块talkcenter
[ 2012-04-25T16:30:47+08:00 ] ERR: (ThinkException) 无法加载模块talkcenter
[ 2012-04-25T16:30:52+08:00 ] ERR: (ThinkException) 无法加载模块talkcenter
[ 2012-04-25T16:30:52+08:00 ] ERR: (ThinkException) 无法加载模块talkcenter
[ 2012-04-25T16:30:56+08:00 ] ERR: (ThinkException) 无法加载模块talkcenter
[ 2012-04-25T16:30:56+08:00 ] ERR: (ThinkException) 无法加载模块talkcenter
[ 2012-04-25T16:31:08+08:00 ] ERR: (ThinkException) 无法加载模块talkcenter
[ 2012-04-25T16:31:08+08:00 ] ERR: (ThinkException) 无法加载模块talkcenter
[ 2012-04-25T16:31:20+08:00 ] ERR: (ThinkException) 无法加载模块talkcenter
[ 2012-04-25T16:31:20+08:00 ] ERR: (ThinkException) 无法加载模块talkcenter
[ 2012-04-25T16:31:25+08:00 ] ERR: (ThinkException) 无法加载模块talkcenter
[ 2012-04-25T16:31:25+08:00 ] ERR: (ThinkException) 无法加载模块talkcenter
[ 2012-04-25T16:31:44+08:00 ] ERR: (ThinkException) 无法加载模块talkcenter
[ 2012-04-25T16:31:44+08:00 ] ERR: (ThinkException) 无法加载模块talkcenter
[ 2012-04-25T16:32:20+08:00 ] ERR: (ThinkException) 无法加载模块talkcenter
[ 2012-04-25T16:32:20+08:00 ] ERR: (ThinkException) 无法加载模块talkcenter
[ 2012-04-25T16:32:37+08:00 ] ERR: (ThinkException) 无法加载模块talkcenter
[ 2012-04-25T16:32:37+08:00 ] ERR: (ThinkException) 无法加载模块talkcenter
[ 2012-04-25T16:33:00+08:00 ] ERR: (ThinkException) 无法加载模块talkcenter
[ 2012-04-25T16:33:00+08:00 ] ERR: (ThinkException) 无法加载模块talkcenter
[ 2012-04-25T16:33:23+08:00 ] ERR: (ThinkException) 无法加载模块talkcenter
[ 2012-04-25T16:33:23+08:00 ] ERR: (ThinkException) 无法加载模块talkcenter
[ 2012-04-25T16:33:50+08:00 ] ERR: (ThinkException) 无法加载模块talkcenter
[ 2012-04-25T16:33:50+08:00 ] ERR: (ThinkException) 无法加载模块talkcenter
[ 2012-04-25T16:34:12+08:00 ] ERR: (ThinkException) 无法加载模块talkcenter
[ 2012-04-25T16:34:12+08:00 ] ERR: (ThinkException) 无法加载模块talkcenter
[ 2012-04-25T16:34:23+08:00 ] ERR: (ThinkException) 无法加载模块talkcenter
[ 2012-04-25T16:34:23+08:00 ] ERR: (ThinkException) 无法加载模块talkcenter
[ 2012-04-25T16:34:32+08:00 ] ERR: (ThinkException) 无法加载模块talkcenter
[ 2012-04-25T16:34:32+08:00 ] ERR: (ThinkException) 无法加载模块talkcenter
[ 2012-04-25T16:35:13+08:00 ] ERR: (ThinkException) 无法加载模块talkcenter
[ 2012-04-25T16:35:13+08:00 ] ERR: (ThinkException) 无法加载模块talkcenter
[ 2012-04-25T16:35:49+08:00 ] ERR: (ThinkException) 无法加载模块talkcenter
[ 2012-04-25T16:35:49+08:00 ] ERR: (ThinkException) 无法加载模块talkcenter
[ 2012-04-25T16:35:57+08:00 ] ERR: (ThinkException) 无法加载模块talkcenter
[ 2012-04-25T16:35:57+08:00 ] ERR: (ThinkException) 无法加载模块talkcenter
[ 2012-04-25T16:37:22+08:00 ] ERR: (ThinkException) 无法加载模块talkcenter
[ 2012-04-25T16:37:22+08:00 ] ERR: (ThinkException) 无法加载模块talkcenter
[ 2012-04-25T16:38:07+08:00 ] ERR: (ThinkException) 无法加载模块talkcenter
[ 2012-04-25T16:38:07+08:00 ] ERR: (ThinkException) 无法加载模块talkcenter
[ 2012-04-25T16:38:40+08:00 ] ERR: (ThinkException) 无法加载模块talkcenter
[ 2012-04-25T16:38:40+08:00 ] ERR: (ThinkException) 无法加载模块talkcenter
[ 2012-04-25T16:38:45+08:00 ] ERR: (ThinkException) 无法加载模块talkcenter
[ 2012-04-25T16:38:45+08:00 ] ERR: (ThinkException) 无法加载模块talkcenter
[ 2012-04-25T16:38:50+08:00 ] ERR: (ThinkException) 无法加载模块talkcenter
[ 2012-04-25T16:38:50+08:00 ] ERR: (ThinkException) 无法加载模块talkcenter
[ 2012-04-25T16:38:55+08:00 ] ERR: (ThinkException) 无法加载模块talkcenter
[ 2012-04-25T16:38:55+08:00 ] ERR: (ThinkException) 无法加载模块talkcenter
[ 2012-04-25T16:39:13+08:00 ] ERR: (ThinkException) 无法加载模块talkcenter
[ 2012-04-25T16:39:13+08:00 ] ERR: (ThinkException) 无法加载模块talkcenter
[ 2012-04-25T16:39:18+08:00 ] ERR: (ThinkException) 无法加载模块talkcenter
[ 2012-04-25T16:39:18+08:00 ] ERR: (ThinkException) 无法加载模块talkcenter
[ 2012-04-25T16:39:45+08:00 ] ERR: (ThinkException) 无法加载模块talkcenter
[ 2012-04-25T16:39:45+08:00 ] ERR: (ThinkException) 无法加载模块talkcenter
[ 2012-04-25T16:39:51+08:00 ] ERR: (ThinkException) 无法加载模块talkcenter
[ 2012-04-25T16:39:51+08:00 ] ERR: (ThinkException) 无法加载模块talkcenter
[ 2012-04-25T16:41:01+08:00 ] ERR: (ThinkException) 无法加载模块talkcenter
[ 2012-04-25T16:41:01+08:00 ] ERR: (ThinkException) 无法加载模块talkcenter
[ 2012-04-25T16:43:35+08:00 ] ERR: (ThinkException) 无法加载模块talkcenter
[ 2012-04-25T16:43:35+08:00 ] ERR: (ThinkException) 无法加载模块talkcenter
[ 2012-04-25T16:44:09+08:00 ] ERR: (ThinkException) 无法加载模块talkcenter
[ 2012-04-25T16:44:09+08:00 ] ERR: (ThinkException) 无法加载模块talkcenter
[ 2012-04-25T16:44:21+08:00 ] ERR: (ThinkException) 无法加载模块talkcenter
[ 2012-04-25T16:44:21+08:00 ] ERR: (ThinkException) 无法加载模块talkcenter
[ 2012-04-25T17:07:53+08:00 ] ERR: (ThinkException) 无法加载模块talkcenter
[ 2012-04-25T17:10:01+08:00 ] ERR: (ThinkException) 无法加载模块talkcenter
[ 2012-04-25T17:10:10+08:00 ] ERR: (ThinkException) 无法加载模块talkcenter
[ 2012-04-25T17:10:10+08:00 ] ERR: (ThinkException) 无法加载模块talkcenter
[ 2012-04-25T17:10:19+08:00 ] ERR: (ThinkException) 无法加载模块talkcenter
[ 2012-04-25T17:12:37+08:00 ] ERR: (ThinkException) 无法加载模块talkcenter
