[ 2013-02-20T10:19:28+08:00 ] 127.0.0.1 /
INFO: [ app_begin ] --START--
INFO: Run ReadHtmlCache Behavior [ RunTime:0.001282s ]
INFO: [ app_begin ] --END-- [ RunTime:0.001488s ]
INFO: [ view_parse ] --START--
INFO: Run ParseTemplate Behavior [ RunTime:0.002039s ]
INFO: [ view_parse ] --END-- [ RunTime:0.002158s ]
INFO: [ view_filter ] --START--
INFO: Run ContentReplace Behavior [ RunTime:0.000970s ]
INFO: Run TokenBuild Behavior [ RunTime:0.000981s ]
INFO: Run WriteHtmlCache Behavior [ RunTime:0.000867s ]
INFO: Run ShowRuntime Behavior [ RunTime:0.001284s ]
INFO: [ view_filter ] --END-- [ RunTime:0.004356s ]
INFO: [ view_end ] --START--
INFO: Run ShowPageTrace Behavior [ RunTime:0.001371s ]
INFO: [ view_end ] --END-- [ RunTime:0.001465s ]

[ 2013-02-20T10:22:27+08:00 ] 127.0.0.1 /
INFO: [ app_begin ] --START--
INFO: Run ReadHtmlCache Behavior [ RunTime:0.001249s ]
INFO: [ app_begin ] --END-- [ RunTime:0.001365s ]
INFO: [ view_parse ] --START--
INFO: Run ParseTemplate Behavior [ RunTime:0.002112s ]
INFO: [ view_parse ] --END-- [ RunTime:0.002213s ]
INFO: [ view_filter ] --START--
INFO: Run ContentReplace Behavior [ RunTime:0.000746s ]
INFO: Run TokenBuild Behavior [ RunTime:0.000847s ]
INFO: Run WriteHtmlCache Behavior [ RunTime:0.000574s ]
INFO: Run ShowRuntime Behavior [ RunTime:0.000678s ]
INFO: [ view_filter ] --END-- [ RunTime:0.002997s ]
INFO: [ view_end ] --START--
INFO: Run ShowPageTrace Behavior [ RunTime:0.001071s ]
INFO: [ view_end ] --END-- [ RunTime:0.001125s ]

[ 2013-02-20T10:22:31+08:00 ] 127.0.0.1 /
INFO: [ app_begin ] --START--
INFO: Run ReadHtmlCache Behavior [ RunTime:0.001496s ]
INFO: [ app_begin ] --END-- [ RunTime:0.001699s ]
INFO: [ view_parse ] --START--
INFO: Run ParseTemplate Behavior [ RunTime:0.002232s ]
INFO: [ view_parse ] --END-- [ RunTime:0.002348s ]
INFO: [ view_filter ] --START--
INFO: Run ContentReplace Behavior [ RunTime:0.000955s ]
INFO: Run TokenBuild Behavior [ RunTime:0.001122s ]
INFO: Run WriteHtmlCache Behavior [ RunTime:0.001075s ]
INFO: Run ShowRuntime Behavior [ RunTime:0.001294s ]
INFO: [ view_filter ] --END-- [ RunTime:0.004782s ]
INFO: [ view_end ] --START--
INFO: Run ShowPageTrace Behavior [ RunTime:0.001237s ]
INFO: [ view_end ] --END-- [ RunTime:0.001319s ]

[ 2013-02-20T10:22:34+08:00 ] 127.0.0.1 /
INFO: [ app_begin ] --START--
INFO: Run ReadHtmlCache Behavior [ RunTime:0.000723s ]
INFO: [ app_begin ] --END-- [ RunTime:0.000785s ]
INFO: [ view_parse ] --START--
INFO: Run ParseTemplate Behavior [ RunTime:0.001304s ]
INFO: [ view_parse ] --END-- [ RunTime:0.001380s ]
INFO: [ view_filter ] --START--
INFO: Run ContentReplace Behavior [ RunTime:0.000671s ]
INFO: Run TokenBuild Behavior [ RunTime:0.000632s ]
INFO: Run WriteHtmlCache Behavior [ RunTime:0.000553s ]
INFO: Run ShowRuntime Behavior [ RunTime:0.000987s ]
INFO: [ view_filter ] --END-- [ RunTime:0.002990s ]
INFO: [ view_end ] --START--
INFO: Run ShowPageTrace Behavior [ RunTime:0.001220s ]
INFO: [ view_end ] --END-- [ RunTime:0.001291s ]

[ 2013-02-20T10:24:55+08:00 ] 127.0.0.1 /
INFO: [ app_begin ] --START--
INFO: Run ReadHtmlCache Behavior [ RunTime:0.000873s ]
INFO: [ app_begin ] --END-- [ RunTime:0.000956s ]
INFO: [ view_parse ] --START--
INFO: Run ParseTemplate Behavior [ RunTime:0.002565s ]
INFO: [ view_parse ] --END-- [ RunTime:0.002806s ]
INFO: [ view_filter ] --START--
INFO: Run ContentReplace Behavior [ RunTime:0.000656s ]
INFO: Run TokenBuild Behavior [ RunTime:0.000645s ]
INFO: Run WriteHtmlCache Behavior [ RunTime:0.000557s ]
INFO: Run ShowRuntime Behavior [ RunTime:0.000698s ]
INFO: [ view_filter ] --END-- [ RunTime:0.002687s ]
INFO: [ view_end ] --START--
INFO: Run ShowPageTrace Behavior [ RunTime:0.000792s ]
INFO: [ view_end ] --END-- [ RunTime:0.000840s ]

[ 2013-02-20T10:42:21+08:00 ] 127.0.0.1 /
INFO: [ app_begin ] --START--
INFO: Run ReadHtmlCache Behavior [ RunTime:0.001258s ]
INFO: [ app_begin ] --END-- [ RunTime:0.001402s ]
INFO: [ view_parse ] --START--
INFO: Run ParseTemplate Behavior [ RunTime:0.002665s ]
INFO: [ view_parse ] --END-- [ RunTime:0.002794s ]
INFO: [ view_filter ] --START--
INFO: Run ContentReplace Behavior [ RunTime:0.000935s ]
INFO: Run TokenBuild Behavior [ RunTime:0.000927s ]
INFO: Run WriteHtmlCache Behavior [ RunTime:0.000846s ]
INFO: Run ShowRuntime Behavior [ RunTime:0.000956s ]
INFO: [ view_filter ] --END-- [ RunTime:0.003909s ]
INFO: [ view_end ] --START--
INFO: Run ShowPageTrace Behavior [ RunTime:0.001055s ]
INFO: [ view_end ] --END-- [ RunTime:0.001117s ]

[ 2013-02-20T11:35:03+08:00 ] ERR: (ThinkException) 无法加载模块:Public
[ 2013-02-20T11:35:03+08:00 ] ERR: (ThinkException) 无法加载模块:Public
[ 2013-02-20T15:25:57+08:00 ] ERR: (ThinkException) 无法加载模块:task
[ 2013-02-20T15:26:07+08:00 ] ERR: (ThinkException) 无法加载模块:task
[ 2013-02-20T15:26:09+08:00 ] ERR: (ThinkException) 无法加载模块:task
[ 2013-02-20T15:26:09+08:00 ] ERR: (ThinkException) 无法加载模块:task
[ 2013-02-20T15:26:10+08:00 ] ERR: (ThinkException) 无法加载模块:task
[ 2013-02-20T15:26:36+08:00 ] ERR: (ThinkException) 无法加载模块:task
[ 2013-02-20T15:26:37+08:00 ] ERR: (ThinkException) 无法加载模块:task
[ 2013-02-20T15:27:21+08:00 ] ERR: (ThinkException) 模板不存在[./App/Tpl/Task/tasks.html]
[ 2013-02-20T15:27:26+08:00 ] ERR: (ThinkException) 模板不存在[./App/Tpl/Task/task.html]
[ 2013-02-20T17:27:57+08:00 ] ERR: (ThinkException) 无法加载模块:Public
[ 2013-02-20T17:28:03+08:00 ] ERR: (ThinkException) 无法加载模块:Public
[ 2013-02-20T17:29:09+08:00 ] ERR: (ThinkException) 无法加载模块:Public
